<?xml version="1.0" encoding="UTF-8"?>
<testng-results ignored="0" total="1" passed="1" failed="0" skipped="0">
  <reporter-output>
  </reporter-output>
  <suite started-at="2024-08-06T14:28:24 IST" name="Suite" finished-at="2024-08-06T14:28:24 IST" duration-ms="77">
    <groups>
    </groups>
    <test started-at="2024-08-06T14:28:24 IST" name="Test" finished-at="2024-08-06T14:28:24 IST" duration-ms="77">
      <class name="Complete.Flow.Simple">
        <test-method signature="simp()[pri:0, instance:Complete.Flow.Simple@2ddc8ecb]" started-at="2024-08-06T14:28:24 IST" name="simp" finished-at="2024-08-06T14:28:24 IST" duration-ms="10" status="PASS">
          <reporter-output>
          </reporter-output>
        </test-method> <!-- simp -->
      </class> <!-- Complete.Flow.Simple -->
    </test> <!-- Test -->
  </suite> <!-- Suite -->
</testng-results>
