<?xml version="1.0" encoding="UTF-8"?>
<testng-results ignored="0" total="1" passed="1" failed="0" skipped="0">
  <reporter-output>
  </reporter-output>
  <suite started-at="2024-08-06T17:18:34 IST" name="Suite" finished-at="2024-08-06T17:18:42 IST" duration-ms="7547">
    <groups>
    </groups>
    <test started-at="2024-08-06T17:18:34 IST" name="Test" finished-at="2024-08-06T17:18:42 IST" duration-ms="7547">
      <class name="Complete.Flow.Simple">
        <test-method signature="checkurl()[pri:0, instance:Complete.Flow.Simple@cd3fee8]" started-at="2024-08-06T17:18:35 IST" name="checkurl" finished-at="2024-08-06T17:18:42 IST" duration-ms="7468" status="PASS">
          <reporter-output>
          </reporter-output>
        </test-method> <!-- checkurl -->
      </class> <!-- Complete.Flow.Simple -->
    </test> <!-- Test -->
  </suite> <!-- Suite -->
</testng-results>
