<?xml version="1.0" encoding="UTF-8"?>
<testng-results ignored="0" total="1" passed="1" failed="0" skipped="0">
  <reporter-output>
  </reporter-output>
  <suite started-at="2024-08-06T15:57:36 IST" name="Default suite" finished-at="2024-08-06T15:57:55 IST" duration-ms="18794">
    <groups>
    </groups>
    <test started-at="2024-08-06T15:57:36 IST" name="Default test" finished-at="2024-08-06T15:57:55 IST" duration-ms="18794">
      <class name="Complete.Flow.Simple">
        <test-method is-config="true" signature="setup()[pri:0, instance:Complete.Flow.Simple@49049a04]" started-at="2024-08-06T15:57:36 IST" name="setup" finished-at="2024-08-06T15:57:39 IST" duration-ms="3268" status="PASS">
          <reporter-output>
          </reporter-output>
        </test-method> <!-- setup -->
        <test-method signature="checkurl()[pri:0, instance:Complete.Flow.Simple@49049a04]" started-at="2024-08-06T15:57:40 IST" name="checkurl" finished-at="2024-08-06T15:57:55 IST" duration-ms="15191" status="PASS">
          <reporter-output>
          </reporter-output>
        </test-method> <!-- checkurl -->
        <test-method is-config="true" signature="Teardown()[pri:0, instance:Complete.Flow.Simple@49049a04]" started-at="2024-08-06T15:57:55 IST" name="Teardown" finished-at="2024-08-06T15:57:55 IST" duration-ms="280" status="PASS">
          <reporter-output>
          </reporter-output>
        </test-method> <!-- Teardown -->
      </class> <!-- Complete.Flow.Simple -->
    </test> <!-- Default test -->
  </suite> <!-- Default suite -->
</testng-results>
